<?xml version="1.0" encoding="UTF-8"?>
<!-- Generated by org.testng.reporters.JUnitReportReporter -->
<testsuite hostname="DESKTOP-VF8P5L1" failures="0" tests="1" name="com.qa.util.extentreport" time="0.831" errors="0" timestamp="16 Apr 2021 04:27:44 GMT">
  <testcase classname="com.qa.util.extentreport" name="createsignup" time="0.831"/>
</testsuite> <!-- com.qa.util.extentreport -->
