<?xml version="1.0" encoding="UTF-8"?>
<!-- Generated by org.testng.reporters.JUnitReportReporter -->
<testsuite hostname="DESKTOP-VF8P5L1" failures="0" tests="4" name="com.qa.testscript.registration_test" time="175.906" errors="0" timestamp="19 Apr 2021 04:57:06 GMT">
  <testcase classname="com.qa.testscript.registration_test" name="signup" time="47.682"/>
  <testcase classname="com.qa.testscript.registration_test" name="signup" time="40.339"/>
  <testcase classname="com.qa.testscript.registration_test" name="signup" time="47.190"/>
  <testcase classname="com.qa.testscript.registration_test" name="signup" time="40.695"/>
</testsuite> <!-- com.qa.testscript.registration_test -->
